::1 - - [29/Oct/2025 01:29:26] "HEAD / HTTP/1.1" 200 -
::1 - - [29/Oct/2025 01:29:35] "GET / HTTP/1.1" 200 -
::1 - - [29/Oct/2025 01:29:36] "GET /css/portfolio.css HTTP/1.1" 200 -
::1 - - [29/Oct/2025 01:29:36] "GET /js/main.js HTTP/1.1" 304 -
::1 - - [29/Oct/2025 01:29:36] "GET /js/RippleController.js HTTP/1.1" 304 -
::1 - - [29/Oct/2025 01:29:36] "GET /js/TimelineTree.js HTTP/1.1" 304 -
::1 - - [29/Oct/2025 01:29:37] code 404, message File not found
::1 - - [29/Oct/2025 01:29:37] "GET /favicon.ico HTTP/1.1" 404 -
::1 - - [29/Oct/2025 01:29:47] code 404, message File not found
::1 - - [29/Oct/2025 01:29:47] "GET /.well-known/appspecific/com.chrome.devtools.json HTTP/1.1" 404 -
::1 - - [29/Oct/2025 01:32:11] "GET / HTTP/1.1" 200 -
::1 - - [29/Oct/2025 01:32:11] code 404, message File not found
::1 - - [29/Oct/2025 01:32:11] "GET /.well-known/appspecific/com.chrome.devtools.json HTTP/1.1" 404 -
::1 - - [29/Oct/2025 01:32:11] "GET /css/portfolio.css HTTP/1.1" 200 -
::1 - - [29/Oct/2025 01:32:11] "GET /js/main.js HTTP/1.1" 200 -
::1 - - [29/Oct/2025 01:32:12] "GET /js/RippleController.js HTTP/1.1" 200 -
::1 - - [29/Oct/2025 01:32:12] "GET /js/TimelineTree.js HTTP/1.1" 200 -
::1 - - [29/Oct/2025 01:32:13] code 404, message File not found
::1 - - [29/Oct/2025 01:32:13] "GET /favicon.ico HTTP/1.1" 404 -
::1 - - [29/Oct/2025 01:39:07] "GET / HTTP/1.1" 200 -
::1 - - [29/Oct/2025 01:39:07] "GET /css/portfolio.css HTTP/1.1" 200 -
::1 - - [29/Oct/2025 01:39:07] "GET /js/main.js HTTP/1.1" 200 -
::1 - - [29/Oct/2025 01:39:08] "GET /js/RippleController.js HTTP/1.1" 200 -
::1 - - [29/Oct/2025 01:39:08] "GET /js/TimelineTree.js HTTP/1.1" 200 -
::1 - - [29/Oct/2025 01:39:08] code 404, message File not found
::1 - - [29/Oct/2025 01:39:08] "GET /favicon.ico HTTP/1.1" 404 -
::1 - - [29/Oct/2025 01:39:24] "GET /css/portfolio.css HTTP/1.1" 304 -
::1 - - [29/Oct/2025 01:39:24] code 404, message File not found
::1 - - [29/Oct/2025 01:39:24] "GET /.well-known/appspecific/com.chrome.devtools.json HTTP/1.1" 404 -
::1 - - [29/Oct/2025 01:47:50] "GET / HTTP/1.1" 200 -
::1 - - [29/Oct/2025 01:47:51] "GET /css/portfolio.css HTTP/1.1" 200 -
::1 - - [29/Oct/2025 01:47:51] "GET /js/main.js HTTP/1.1" 200 -
::1 - - [29/Oct/2025 01:47:51] "GET /js/RippleController.js HTTP/1.1" 200 -
::1 - - [29/Oct/2025 01:47:51] "GET /js/TimelineTree.js HTTP/1.1" 200 -
::1 - - [29/Oct/2025 01:47:52] code 404, message File not found
::1 - - [29/Oct/2025 01:47:52] "GET /favicon.ico HTTP/1.1" 404 -
::1 - - [29/Oct/2025 01:49:50] "GET / HTTP/1.1" 200 -
::1 - - [29/Oct/2025 01:49:50] "GET /css/portfolio.css HTTP/1.1" 200 -
::1 - - [29/Oct/2025 01:49:50] "GET /js/main.js HTTP/1.1" 200 -
::1 - - [29/Oct/2025 01:49:50] "GET /js/TimelineTree.js HTTP/1.1" 200 -
::1 - - [29/Oct/2025 01:49:50] "GET /js/RippleController.js HTTP/1.1" 200 -
::1 - - [29/Oct/2025 01:49:51] code 404, message File not found
::1 - - [29/Oct/2025 01:49:51] "GET /favicon.ico HTTP/1.1" 404 -
::1 - - [29/Oct/2025 01:57:27] "GET / HTTP/1.1" 200 -
::1 - - [29/Oct/2025 01:57:27] "GET /css/portfolio.css HTTP/1.1" 200 -
::1 - - [29/Oct/2025 01:57:27] "GET /js/main.js HTTP/1.1" 200 -
::1 - - [29/Oct/2025 01:57:28] "GET /js/RippleController.js HTTP/1.1" 200 -
::1 - - [29/Oct/2025 01:57:28] "GET /js/TimelineTree.js HTTP/1.1" 200 -
::1 - - [29/Oct/2025 01:57:28] code 404, message File not found
::1 - - [29/Oct/2025 01:57:28] "GET /favicon.ico HTTP/1.1" 404 -
::1 - - [29/Oct/2025 02:05:02] "GET / HTTP/1.1" 200 -
::1 - - [29/Oct/2025 02:05:02] "GET /css/portfolio.css HTTP/1.1" 200 -
::1 - - [29/Oct/2025 02:05:02] "GET /js/main.js HTTP/1.1" 200 -
::1 - - [29/Oct/2025 02:05:03] "GET /js/RippleController.js HTTP/1.1" 200 -
::1 - - [29/Oct/2025 02:05:03] "GET /js/TimelineTree.js HTTP/1.1" 200 -
::1 - - [29/Oct/2025 02:05:03] code 404, message File not found
::1 - - [29/Oct/2025 02:05:03] "GET /favicon.ico HTTP/1.1" 404 -
::1 - - [29/Oct/2025 02:06:55] "GET / HTTP/1.1" 200 -
::1 - - [29/Oct/2025 02:06:55] "GET /css/portfolio.css HTTP/1.1" 200 -
::1 - - [29/Oct/2025 02:06:55] "GET /js/main.js HTTP/1.1" 200 -
::1 - - [29/Oct/2025 02:06:56] "GET /js/RippleController.js HTTP/1.1" 200 -
::1 - - [29/Oct/2025 02:06:56] "GET /js/TimelineTree.js HTTP/1.1" 200 -
::1 - - [29/Oct/2025 02:06:56] code 404, message File not found
::1 - - [29/Oct/2025 02:06:56] "GET /favicon.ico HTTP/1.1" 404 -
::1 - - [29/Oct/2025 02:08:38] "GET / HTTP/1.1" 200 -
::1 - - [29/Oct/2025 02:08:38] "GET /css/portfolio.css HTTP/1.1" 200 -
::1 - - [29/Oct/2025 02:08:38] "GET /js/main.js HTTP/1.1" 200 -
::1 - - [29/Oct/2025 02:08:39] "GET /js/RippleController.js HTTP/1.1" 200 -
::1 - - [29/Oct/2025 02:08:39] "GET /js/TimelineTree.js HTTP/1.1" 200 -
::1 - - [29/Oct/2025 02:08:39] code 404, message File not found
::1 - - [29/Oct/2025 02:08:39] "GET /favicon.ico HTTP/1.1" 404 -
::1 - - [29/Oct/2025 02:10:51] "GET / HTTP/1.1" 200 -
::1 - - [29/Oct/2025 02:10:52] "GET /css/portfolio.css HTTP/1.1" 200 -
::1 - - [29/Oct/2025 02:10:52] "GET /js/main.js HTTP/1.1" 200 -
::1 - - [29/Oct/2025 02:10:52] "GET /js/RippleController.js HTTP/1.1" 200 -
::1 - - [29/Oct/2025 02:10:52] "GET /js/TimelineTree.js HTTP/1.1" 200 -
::1 - - [29/Oct/2025 02:10:53] code 404, message File not found
::1 - - [29/Oct/2025 02:10:53] "GET /favicon.ico HTTP/1.1" 404 -
::1 - - [29/Oct/2025 02:15:43] "GET / HTTP/1.1" 200 -
::1 - - [29/Oct/2025 02:15:43] "GET /css/portfolio.css HTTP/1.1" 200 -
::1 - - [29/Oct/2025 02:15:43] "GET /js/main.js HTTP/1.1" 200 -
::1 - - [29/Oct/2025 02:15:43] "GET /js/RippleController.js HTTP/1.1" 200 -
::1 - - [29/Oct/2025 02:15:43] "GET /js/TimelineTree.js HTTP/1.1" 200 -
::1 - - [29/Oct/2025 02:15:43] code 404, message File not found
::1 - - [29/Oct/2025 02:15:43] "GET /favicon.ico HTTP/1.1" 404 -
::1 - - [29/Oct/2025 02:16:41] "GET / HTTP/1.1" 200 -
::1 - - [29/Oct/2025 02:16:41] "GET /css/portfolio.css HTTP/1.1" 200 -
::1 - - [29/Oct/2025 02:16:41] "GET /js/main.js HTTP/1.1" 200 -
::1 - - [29/Oct/2025 02:16:41] "GET /js/RippleController.js HTTP/1.1" 200 -
::1 - - [29/Oct/2025 02:16:41] "GET /js/TimelineTree.js HTTP/1.1" 200 -
::1 - - [29/Oct/2025 02:16:42] code 404, message File not found
::1 - - [29/Oct/2025 02:16:42] "GET /favicon.ico HTTP/1.1" 404 -
::1 - - [29/Oct/2025 02:18:08] "GET / HTTP/1.1" 200 -
::1 - - [29/Oct/2025 02:18:08] "GET /css/portfolio.css HTTP/1.1" 200 -
::1 - - [29/Oct/2025 02:18:08] "GET /js/main.js HTTP/1.1" 200 -
::1 - - [29/Oct/2025 02:18:08] "GET /js/RippleController.js HTTP/1.1" 200 -
::1 - - [29/Oct/2025 02:18:08] "GET /js/TimelineTree.js HTTP/1.1" 200 -
::1 - - [29/Oct/2025 02:18:09] code 404, message File not found
::1 - - [29/Oct/2025 02:18:09] "GET /favicon.ico HTTP/1.1" 404 -
::1 - - [29/Oct/2025 02:20:51] "GET / HTTP/1.1" 200 -
::1 - - [29/Oct/2025 02:20:51] "GET /css/portfolio.css HTTP/1.1" 200 -
::1 - - [29/Oct/2025 02:20:51] "GET /js/main.js HTTP/1.1" 200 -
::1 - - [29/Oct/2025 02:20:51] "GET /js/RippleController.js HTTP/1.1" 200 -
::1 - - [29/Oct/2025 02:20:51] "GET /js/TimelineTree.js HTTP/1.1" 200 -
::1 - - [29/Oct/2025 02:20:52] code 404, message File not found
::1 - - [29/Oct/2025 02:20:52] "GET /favicon.ico HTTP/1.1" 404 -
::1 - - [29/Oct/2025 02:23:10] "GET / HTTP/1.1" 200 -
::1 - - [29/Oct/2025 02:23:10] "GET /css/portfolio.css HTTP/1.1" 200 -
::1 - - [29/Oct/2025 02:23:10] "GET /js/main.js HTTP/1.1" 200 -
::1 - - [29/Oct/2025 02:23:11] "GET /js/RippleController.js HTTP/1.1" 200 -
::1 - - [29/Oct/2025 02:23:11] "GET /js/TimelineTree.js HTTP/1.1" 200 -
::1 - - [29/Oct/2025 02:23:11] code 404, message File not found
::1 - - [29/Oct/2025 02:23:11] "GET /favicon.ico HTTP/1.1" 404 -
::1 - - [29/Oct/2025 02:24:08] "GET /css/portfolio.css HTTP/1.1" 304 -
::1 - - [29/Oct/2025 02:24:08] code 404, message File not found
::1 - - [29/Oct/2025 02:24:08] "GET /.well-known/appspecific/com.chrome.devtools.json HTTP/1.1" 404 -
::1 - - [29/Oct/2025 02:27:27] "GET / HTTP/1.1" 200 -
::1 - - [29/Oct/2025 02:27:27] code 404, message File not found
::1 - - [29/Oct/2025 02:27:27] "GET /.well-known/appspecific/com.chrome.devtools.json HTTP/1.1" 404 -
::1 - - [29/Oct/2025 02:27:27] "GET /js/main.js HTTP/1.1" 200 -
::1 - - [29/Oct/2025 02:27:27] "GET /css/portfolio.css HTTP/1.1" 200 -
::1 - - [29/Oct/2025 02:27:28] "GET /js/RippleController.js HTTP/1.1" 200 -
::1 - - [29/Oct/2025 02:27:28] "GET /js/TimelineTree.js HTTP/1.1" 200 -
::1 - - [29/Oct/2025 02:27:28] code 404, message File not found
::1 - - [29/Oct/2025 02:27:28] "GET /favicon.ico HTTP/1.1" 404 -
::1 - - [29/Oct/2025 02:30:25] "GET / HTTP/1.1" 200 -
::1 - - [29/Oct/2025 02:30:25] "GET /css/portfolio.css HTTP/1.1" 200 -
::1 - - [29/Oct/2025 02:30:25] "GET /js/main.js HTTP/1.1" 200 -
::1 - - [29/Oct/2025 02:30:26] "GET /js/RippleController.js HTTP/1.1" 200 -
::1 - - [29/Oct/2025 02:30:26] "GET /js/TimelineTree.js HTTP/1.1" 200 -
::1 - - [29/Oct/2025 02:30:26] code 404, message File not found
::1 - - [29/Oct/2025 02:30:26] "GET /favicon.ico HTTP/1.1" 404 -
::1 - - [29/Oct/2025 02:43:14] "GET / HTTP/1.1" 200 -
::1 - - [29/Oct/2025 02:43:14] "GET /css/portfolio.css HTTP/1.1" 200 -
::1 - - [29/Oct/2025 02:43:14] "GET /js/main.js HTTP/1.1" 200 -
::1 - - [29/Oct/2025 02:43:15] "GET /js/RippleController.js HTTP/1.1" 200 -
::1 - - [29/Oct/2025 02:43:15] "GET /js/TimelineTree.js HTTP/1.1" 200 -
::1 - - [29/Oct/2025 02:43:15] code 404, message File not found
::1 - - [29/Oct/2025 02:43:15] "GET /favicon.ico HTTP/1.1" 404 -
::1 - - [29/Oct/2025 02:56:24] "GET / HTTP/1.1" 200 -
::1 - - [29/Oct/2025 02:56:24] "GET /css/portfolio.css HTTP/1.1" 200 -
::1 - - [29/Oct/2025 02:56:24] "GET /js/main.js HTTP/1.1" 200 -
::1 - - [29/Oct/2025 02:56:24] "GET /js/RippleController.js HTTP/1.1" 200 -
::1 - - [29/Oct/2025 02:56:24] "GET /js/TimelineTree.js HTTP/1.1" 200 -
::1 - - [29/Oct/2025 02:56:24] code 404, message File not found
::1 - - [29/Oct/2025 02:56:24] "GET /favicon.ico HTTP/1.1" 404 -
::1 - - [29/Oct/2025 03:10:29] "GET / HTTP/1.1" 200 -
::1 - - [29/Oct/2025 03:10:29] "GET /css/portfolio.css HTTP/1.1" 200 -
::1 - - [29/Oct/2025 03:10:29] "GET /js/main.js HTTP/1.1" 304 -
::1 - - [29/Oct/2025 03:10:29] "GET /js/RippleController.js HTTP/1.1" 304 -
::1 - - [29/Oct/2025 03:10:29] "GET /js/TimelineTree.js HTTP/1.1" 304 -
::1 - - [29/Oct/2025 03:16:01] "GET / HTTP/1.1" 200 -
::1 - - [29/Oct/2025 03:16:01] "GET /css/portfolio.css HTTP/1.1" 200 -
::1 - - [29/Oct/2025 03:16:01] "GET /js/main.js HTTP/1.1" 304 -
::1 - - [29/Oct/2025 03:16:02] "GET /js/TimelineTree.js HTTP/1.1" 304 -
::1 - - [29/Oct/2025 03:16:02] code 404, message File not found
::1 - - [29/Oct/2025 03:16:02] "GET /favicon.ico HTTP/1.1" 404 -
::1 - - [29/Oct/2025 03:17:32] "GET / HTTP/1.1" 200 -
::1 - - [29/Oct/2025 03:17:32] "GET /css/portfolio.css HTTP/1.1" 200 -
::1 - - [29/Oct/2025 03:17:32] "GET /js/main.js HTTP/1.1" 200 -
::1 - - [29/Oct/2025 03:17:33] "GET /js/RippleController.js HTTP/1.1" 200 -
::1 - - [29/Oct/2025 03:17:33] "GET /js/TimelineTree.js HTTP/1.1" 200 -
::1 - - [29/Oct/2025 03:17:33] code 404, message File not found
::1 - - [29/Oct/2025 03:17:33] "GET /favicon.ico HTTP/1.1" 404 -
::1 - - [29/Oct/2025 03:19:12] "GET / HTTP/1.1" 200 -
::1 - - [29/Oct/2025 03:19:13] "GET /css/portfolio.css HTTP/1.1" 200 -
::1 - - [29/Oct/2025 03:19:13] "GET /js/main.js HTTP/1.1" 200 -
::1 - - [29/Oct/2025 03:19:13] "GET /js/RippleController.js HTTP/1.1" 200 -
::1 - - [29/Oct/2025 03:19:13] "GET /js/TimelineTree.js HTTP/1.1" 200 -
::1 - - [29/Oct/2025 03:19:13] code 404, message File not found
::1 - - [29/Oct/2025 03:19:13] "GET /favicon.ico HTTP/1.1" 404 -
::1 - - [29/Oct/2025 03:20:49] "GET / HTTP/1.1" 200 -
::1 - - [29/Oct/2025 03:20:49] "GET /css/portfolio.css HTTP/1.1" 200 -
::1 - - [29/Oct/2025 03:20:49] "GET /js/main.js HTTP/1.1" 200 -
::1 - - [29/Oct/2025 03:21:21] "GET / HTTP/1.1" 304 -
::1 - - [29/Oct/2025 03:21:21] "GET /css/portfolio.css HTTP/1.1" 304 -
::1 - - [29/Oct/2025 03:21:22] code 404, message File not found
::1 - - [29/Oct/2025 03:21:22] "GET /favicon.ico HTTP/1.1" 404 -
::1 - - [29/Oct/2025 03:23:22] "GET / HTTP/1.1" 200 -
::1 - - [29/Oct/2025 03:23:22] "GET /css/portfolio.css HTTP/1.1" 200 -
::1 - - [29/Oct/2025 03:23:22] "GET /js/main.js HTTP/1.1" 200 -
::1 - - [29/Oct/2025 03:23:22] "GET /js/RippleController.js HTTP/1.1" 200 -
::1 - - [29/Oct/2025 03:23:22] "GET /js/TimelineTree.js HTTP/1.1" 200 -
::1 - - [29/Oct/2025 03:23:23] code 404, message File not found
::1 - - [29/Oct/2025 03:23:23] "GET /favicon.ico HTTP/1.1" 404 -
::1 - - [29/Oct/2025 03:34:38] "GET / HTTP/1.1" 200 -
::1 - - [29/Oct/2025 03:34:38] "GET /css/portfolio.css HTTP/1.1" 200 -
::1 - - [29/Oct/2025 03:34:38] "GET /js/main.js HTTP/1.1" 200 -
::1 - - [29/Oct/2025 03:34:38] "GET /js/BlobNavigation.js HTTP/1.1" 200 -
::1 - - [29/Oct/2025 03:34:38] "GET /js/TimelineTree.js HTTP/1.1" 304 -
::1 - - [29/Oct/2025 03:40:35] "GET / HTTP/1.1" 200 -
::1 - - [29/Oct/2025 03:40:35] "GET /css/portfolio.css HTTP/1.1" 200 -
::1 - - [29/Oct/2025 03:40:35] "GET /js/main.js HTTP/1.1" 304 -
::1 - - [29/Oct/2025 03:40:36] "GET /js/RippleController.js HTTP/1.1" 304 -
::1 - - [29/Oct/2025 03:40:36] "GET /js/BlobNavigation.js HTTP/1.1" 200 -
::1 - - [29/Oct/2025 03:40:36] "GET /js/TimelineTree.js HTTP/1.1" 304 -
::1 - - [29/Oct/2025 03:45:59] "GET / HTTP/1.1" 200 -
::1 - - [29/Oct/2025 03:45:59] "GET /css/portfolio.css HTTP/1.1" 200 -
::1 - - [29/Oct/2025 03:45:59] "GET /js/main.js HTTP/1.1" 304 -
::1 - - [29/Oct/2025 03:46:00] "GET /js/TimelineTree.js HTTP/1.1" 304 -
::1 - - [29/Oct/2025 03:46:00] "GET /js/BlobNavigation.js HTTP/1.1" 200 -
::1 - - [29/Oct/2025 03:48:52] "GET / HTTP/1.1" 304 -
::1 - - [29/Oct/2025 03:48:52] "GET /css/portfolio.css HTTP/1.1" 304 -
::1 - - [29/Oct/2025 03:48:52] "GET /js/main.js HTTP/1.1" 304 -
::1 - - [29/Oct/2025 03:48:53] "GET /js/BlobNavigation.js HTTP/1.1" 200 -
::1 - - [29/Oct/2025 04:01:25] code 404, message File not found
::1 - - [29/Oct/2025 04:01:25] "GET /resume/index.html HTTP/1.1" 404 -
::1 - - [29/Oct/2025 04:01:56] code 404, message File not found
::1 - - [29/Oct/2025 04:01:56] "GET /resume/index.html HTTP/1.1" 404 -
::1 - - [29/Oct/2025 04:01:56] code 404, message File not found
::1 - - [29/Oct/2025 04:01:56] "GET /favicon.ico HTTP/1.1" 404 -
::1 - - [29/Oct/2025 04:01:59] code 404, message File not found
::1 - - [29/Oct/2025 04:01:59] "GET /resume/index.html HTTP/1.1" 404 -
::1 - - [29/Oct/2025 04:01:59] code 404, message File not found
::1 - - [29/Oct/2025 04:01:59] "GET /favicon.ico HTTP/1.1" 404 -
::1 - - [29/Oct/2025 04:02:02] "GET / HTTP/1.1" 200 -
::1 - - [29/Oct/2025 04:02:02] "GET /css/portfolio.css HTTP/1.1" 200 -
::1 - - [29/Oct/2025 04:02:02] "GET /js/main.js HTTP/1.1" 200 -
::1 - - [29/Oct/2025 04:02:03] "GET /js/RippleController.js HTTP/1.1" 200 -
::1 - - [29/Oct/2025 04:02:03] "GET /js/BlobNavigation.js HTTP/1.1" 200 -
::1 - - [29/Oct/2025 04:02:03] "GET /js/TimelineTree.js HTTP/1.1" 200 -
::1 - - [29/Oct/2025 04:02:04] code 404, message File not found
::1 - - [29/Oct/2025 04:02:04] "GET /favicon.ico HTTP/1.1" 404 -
::1 - - [29/Oct/2025 04:05:00] code 404, message File not found
::1 - - [29/Oct/2025 04:05:00] "GET /resume/index.html HTTP/1.1" 404 -
::1 - - [29/Oct/2025 04:05:23] "GET / HTTP/1.1" 200 -
::1 - - [29/Oct/2025 04:05:24] "GET /css/portfolio.css HTTP/1.1" 200 -
::1 - - [29/Oct/2025 04:05:24] "GET /js/main.js HTTP/1.1" 200 -
::1 - - [29/Oct/2025 04:05:24] "GET /js/RippleController.js HTTP/1.1" 200 -
::1 - - [29/Oct/2025 04:05:24] "GET /js/TimelineTree.js HTTP/1.1" 200 -
::1 - - [29/Oct/2025 04:05:24] "GET /js/BlobNavigation.js HTTP/1.1" 200 -
::1 - - [29/Oct/2025 04:05:25] code 404, message File not found
::1 - - [29/Oct/2025 04:05:25] "GET /favicon.ico HTTP/1.1" 404 -
::1 - - [29/Oct/2025 04:07:58] code 404, message File not found
::1 - - [29/Oct/2025 04:07:58] "GET /resume/index.html HTTP/1.1" 404 -
::1 - - [29/Oct/2025 04:08:27] "GET / HTTP/1.1" 200 -
::1 - - [29/Oct/2025 04:08:27] "GET /css/portfolio.css HTTP/1.1" 200 -
::1 - - [29/Oct/2025 04:08:27] "GET /js/main.js HTTP/1.1" 200 -
::1 - - [29/Oct/2025 04:08:28] "GET /js/RippleController.js HTTP/1.1" 200 -
::1 - - [29/Oct/2025 04:08:28] "GET /js/TimelineTree.js HTTP/1.1" 200 -
::1 - - [29/Oct/2025 04:08:28] "GET /js/BlobNavigation.js HTTP/1.1" 200 -
::1 - - [29/Oct/2025 04:08:29] code 404, message File not found
::1 - - [29/Oct/2025 04:08:29] "GET /favicon.ico HTTP/1.1" 404 -
::1 - - [29/Oct/2025 04:13:44] code 404, message File not found
::1 - - [29/Oct/2025 04:13:44] "GET /resume/index.html HTTP/1.1" 404 -
::1 - - [29/Oct/2025 04:14:01] "GET / HTTP/1.1" 200 -
::1 - - [29/Oct/2025 04:14:01] "GET /css/portfolio.css HTTP/1.1" 200 -
::1 - - [29/Oct/2025 04:14:01] "GET /js/main.js HTTP/1.1" 200 -
::1 - - [29/Oct/2025 04:14:01] "GET /js/TimelineTree.js HTTP/1.1" 200 -
::1 - - [29/Oct/2025 04:14:01] "GET /js/RippleController.js HTTP/1.1" 200 -
::1 - - [29/Oct/2025 04:14:01] "GET /js/BlobNavigation.js HTTP/1.1" 200 -
::1 - - [29/Oct/2025 04:14:03] code 404, message File not found
::1 - - [29/Oct/2025 04:14:03] "GET /favicon.ico HTTP/1.1" 404 -
::1 - - [29/Oct/2025 04:18:37] code 404, message File not found
::1 - - [29/Oct/2025 04:18:37] "GET /resume/index.html HTTP/1.1" 404 -
::1 - - [29/Oct/2025 04:20:34] "GET / HTTP/1.1" 200 -
::1 - - [29/Oct/2025 04:20:34] "GET /css/portfolio.css HTTP/1.1" 200 -
::1 - - [29/Oct/2025 04:20:34] "GET /js/main.js HTTP/1.1" 200 -
::1 - - [29/Oct/2025 04:20:35] "GET /js/RippleController.js HTTP/1.1" 200 -
::1 - - [29/Oct/2025 04:20:35] "GET /js/TimelineTree.js HTTP/1.1" 200 -
::1 - - [29/Oct/2025 04:20:35] "GET /js/BlobNavigation.js HTTP/1.1" 200 -
::1 - - [29/Oct/2025 04:20:37] code 404, message File not found
::1 - - [29/Oct/2025 04:20:37] "GET /favicon.ico HTTP/1.1" 404 -
::1 - - [29/Oct/2025 04:26:33] "GET / HTTP/1.1" 304 -
::1 - - [29/Oct/2025 04:26:33] "GET /css/portfolio.css HTTP/1.1" 304 -
::1 - - [29/Oct/2025 04:26:33] "GET /js/main.js HTTP/1.1" 304 -
::1 - - [29/Oct/2025 04:26:34] "GET /js/BlobNavigation.js HTTP/1.1" 304 -
::1 - - [29/Oct/2025 04:32:47] "GET / HTTP/1.1" 200 -
::1 - - [29/Oct/2025 04:32:47] "GET /css/portfolio.css HTTP/1.1" 200 -
::1 - - [29/Oct/2025 04:32:47] "GET /js/main.js HTTP/1.1" 200 -
::1 - - [29/Oct/2025 04:32:48] "GET /js/TimelineTree.js HTTP/1.1" 200 -
::1 - - [29/Oct/2025 04:32:48] "GET /js/RippleController.js HTTP/1.1" 200 -
::1 - - [29/Oct/2025 04:32:48] "GET /js/BlobNavigation.js HTTP/1.1" 200 -
::1 - - [29/Oct/2025 04:32:48] code 404, message File not found
::1 - - [29/Oct/2025 04:32:48] "GET /favicon.ico HTTP/1.1" 404 -
::1 - - [29/Oct/2025 04:33:53] "GET / HTTP/1.1" 200 -
::1 - - [29/Oct/2025 04:33:53] "GET /css/portfolio.css HTTP/1.1" 200 -
::1 - - [29/Oct/2025 04:33:53] "GET /js/main.js HTTP/1.1" 200 -
::1 - - [29/Oct/2025 04:33:53] "GET /js/RippleController.js HTTP/1.1" 200 -
::1 - - [29/Oct/2025 04:33:53] "GET /js/TimelineTree.js HTTP/1.1" 200 -
::1 - - [29/Oct/2025 04:33:53] "GET /js/BlobNavigation.js HTTP/1.1" 200 -
::1 - - [29/Oct/2025 04:33:54] code 404, message File not found
::1 - - [29/Oct/2025 04:33:54] "GET /favicon.ico HTTP/1.1" 404 -
::1 - - [29/Oct/2025 04:42:07] code 404, message File not found
::1 - - [29/Oct/2025 04:42:07] "GET /resume/index.html HTTP/1.1" 404 -
::1 - - [29/Oct/2025 04:42:38] "GET / HTTP/1.1" 200 -
